<?xml version="1.0" encoding="UTF-8"?>
<!-- Generated by org.testng.reporters.JUnitXMLReporter -->
<testsuite ignored="0" hostname="DESKTOP-S79VJLJ" failures="0" tests="8" name="GroupsTest" time="0.459" errors="0" timestamp="2025-10-30T10:39:15 IST">
  <testcase classname="TestNGPractice.LoginGroupingHandling" name="facebooklogin" time="0.048"/>
  <testcase classname="TestNGPractice.LoginGroupingHandling" name="Instalogin" time="0.002"/>
  <testcase classname="TestNGPractice.LoginGroupingHandling" name="Emaillogin" time="0.006"/>
  <testcase classname="TestNGPractice.SignupGroupingHandling" name="facebooklogin" time="0.004"/>
  <testcase classname="TestNGPractice.SignupGroupingHandling" name="Instalogin" time="0.003"/>
  <testcase classname="TestNGPractice.SignupGroupingHandling" name="Emaillogin" time="0.006"/>
  <testcase classname="TestNGPractice.PaymentGroupingHandling" name="PaymentRupees" time="0.013"/>
  <testcase classname="TestNGPractice.PaymentGroupingHandling" name="PaymentDollars" time="0.003"/>
</testsuite> <!-- GroupsTest -->
