<?xml version="1.0" encoding="UTF-8"?>
<!-- Generated by org.testng.reporters.JUnitReportReporter -->
<testsuite hostname="DESKTOP-S79VJLJ" failures="0" tests="3" name="TestNGPractice.SignupGroupingHandling" time="0.013" errors="0" timestamp="2025-10-30T10:39:16 IST" skipped="0">
  <testcase classname="TestNGPractice.SignupGroupingHandling" name="facebooklogin" time="0.004"/>
  <testcase classname="TestNGPractice.SignupGroupingHandling" name="Instalogin" time="0.003"/>
  <testcase classname="TestNGPractice.SignupGroupingHandling" name="Emaillogin" time="0.006"/>
</testsuite> <!-- TestNGPractice.SignupGroupingHandling -->
