<?xml version="1.0" encoding="UTF-8"?>
<!-- Generated by org.testng.reporters.JUnitReportReporter -->
<testsuite hostname="DESKTOP-S79VJLJ" failures="0" tests="3" name="TestNGPractice.LoginGroupingHandling" time="0.056" errors="0" timestamp="2025-10-30T10:39:15 IST" skipped="0">
  <testcase classname="TestNGPractice.LoginGroupingHandling" name="facebooklogin" time="0.048"/>
  <testcase classname="TestNGPractice.LoginGroupingHandling" name="Instalogin" time="0.002"/>
  <testcase classname="TestNGPractice.LoginGroupingHandling" name="Emaillogin" time="0.006"/>
</testsuite> <!-- TestNGPractice.LoginGroupingHandling -->
