<?xml version="1.0" encoding="UTF-8"?>
<!-- Generated by org.testng.reporters.JUnitReportReporter -->
<testsuite hostname="DESKTOP-S79VJLJ" failures="0" tests="2" name="TestNGPractice.TestNGAnnotationHandling" time="0.027" errors="0" timestamp="2025-10-29T15:47:00 IST" skipped="0">
  <testcase classname="TestNGPractice.TestNGAnnotationHandling" name="actuatTest1" time="0.016"/>
  <testcase classname="TestNGPractice.TestNGAnnotationHandling" name="actualtest2" time="0.011"/>
</testsuite> <!-- TestNGPractice.TestNGAnnotationHandling -->
