<?xml version="1.0" encoding="UTF-8"?>
<!-- Generated by org.testng.reporters.JUnitReportReporter -->
<testsuite hostname="DESKTOP-S79VJLJ" failures="0" tests="2" name="TestNGPractice.PaymentGroupingHandling" time="0.016" errors="0" timestamp="2025-10-30T10:39:15 IST" skipped="0">
  <testcase classname="TestNGPractice.PaymentGroupingHandling" name="PaymentRupees" time="0.013"/>
  <testcase classname="TestNGPractice.PaymentGroupingHandling" name="PaymentDollars" time="0.003"/>
</testsuite> <!-- TestNGPractice.PaymentGroupingHandling -->
